<?xml version="1.0" encoding="UTF-8"?>
<!-- Generated by org.testng.reporters.JUnitReportReporter -->
<testsuite name="Postreq.JsonArrayAndJsonObject" tests="1" time="2.618" ignored="0" failures="0" timestamp="30 Jun 2023 03:27:52 GMT" skipped="0" hostname="SYPULCP7CWG3" errors="0">
  <testcase name="name" time="2.618" classname="Postreq.JsonArrayAndJsonObject"/>
</testsuite> <!-- Postreq.JsonArrayAndJsonObject -->
