<?xml version="1.0" encoding="UTF-8"?>
<!-- Generated by org.testng.reporters.JUnitReportReporter -->
<testsuite name="CrudOperation.PutRequestTest" tests="1" time="1.555" ignored="0" failures="0" timestamp="30 Jun 2023 10:53:21 GMT" skipped="0" hostname="SYPULCP7CWG3" errors="0">
  <testcase name="name" time="1.555" classname="CrudOperation.PutRequestTest"/>
</testsuite> <!-- CrudOperation.PutRequestTest -->
