<?xml version="1.0" encoding="UTF-8"?>
<!-- Generated by org.testng.reporters.JUnitReportReporter -->
<testsuite name="Extraction.ExtractionBetterway" tests="1" time="2.292" ignored="0" failures="0" timestamp="01 Jul 2023 06:01:15 GMT" skipped="0" hostname="SYPULCP7CWG3" errors="0">
  <testcase name="testExtractionBetterway" time="2.292" classname="Extraction.ExtractionBetterway"/>
</testsuite> <!-- Extraction.ExtractionBetterway -->
