<?xml version="1.0" encoding="UTF-8"?>
<!-- Generated by org.testng.reporters.JUnitReportReporter -->
<testsuite name="PostReq3.StudentPostReq" tests="1" time="1.908" ignored="0" failures="0" timestamp="30 Jun 2023 10:34:17 GMT" skipped="0" hostname="SYPULCP7CWG3" errors="0">
  <testcase name="postreq" time="1.908" classname="PostReq3.StudentPostReq"/>
</testsuite> <!-- PostReq3.StudentPostReq -->
