<?xml version="1.0" encoding="UTF-8"?>
<!-- Generated by org.testng.reporters.JUnitReportReporter -->
<testsuite name="PostReq2Simple.postreq2" tests="1" time="2.971" ignored="0" failures="0" timestamp="21 Jun 2023 11:31:11 GMT" skipped="0" hostname="SYPULCP7CWG3" errors="0">
  <testcase name="testpostreq2" time="2.971" classname="PostReq2Simple.postreq2"/>
</testsuite> <!-- PostReq2Simple.postreq2 -->
