<?xml version="1.0" encoding="UTF-8"?>
<!-- Generated by org.testng.reporters.JUnitReportReporter -->
<testsuite name="Logging.ResponseLoggingExamples" tests="1" time="5.486" ignored="0" failures="0" timestamp="30 Jun 2023 03:21:33 GMT" skipped="0" hostname="SYPULCP7CWG3" errors="0">
  <testcase name="name" time="5.486" classname="Logging.ResponseLoggingExamples"/>
</testsuite> <!-- Logging.ResponseLoggingExamples -->
