<?xml version="1.0" encoding="UTF-8"?>
<!-- Generated by org.testng.reporters.JUnitReportReporter -->
<testsuite name="PostReq3.Postreq" tests="1" time="2.277" ignored="0" failures="0" timestamp="21 Jun 2023 12:16:28 GMT" skipped="0" hostname="SYPULCP7CWG3" errors="0">
  <testcase name="testPostreq" time="2.277" classname="PostReq3.Postreq"/>
</testsuite> <!-- PostReq3.Postreq -->
