<?xml version="1.0" encoding="UTF-8"?>
<!-- Generated by org.testng.reporters.JUnitReportReporter -->
<testsuite name="Logging.RequestLoggingExamples" tests="1" time="1.542" ignored="0" failures="0" timestamp="30 Jun 2023 10:13:29 GMT" skipped="0" hostname="SYPULCP7CWG3" errors="0">
  <testcase name="test003" time="1.542" classname="Logging.RequestLoggingExamples"/>
</testsuite> <!-- Logging.RequestLoggingExamples -->
