<?xml version="1.0" encoding="UTF-8"?>
<!-- Generated by org.testng.reporters.JUnitReportReporter -->
<testsuite name="Extraction.ExtractionJsonPathExtractor" tests="1" time="4.720" ignored="0" failures="0" timestamp="01 Jul 2023 06:17:20 GMT" skipped="0" hostname="SYPULCP7CWG3" errors="0">
  <testcase name="testExtractionJsonPathExtractor" time="4.720" classname="Extraction.ExtractionJsonPathExtractor"/>
</testsuite> <!-- Extraction.ExtractionJsonPathExtractor -->
