<?xml version="1.0" encoding="UTF-8"?>
<!-- Generated by org.testng.reporters.JUnitReportReporter -->
<testsuite name="Basics.GetAllStudentsTestBetter" tests="1" time="1.588" ignored="0" failures="0" timestamp="19 Jun 2023 07:16:02 GMT" skipped="0" hostname="SYPULCP7CWG3" errors="0">
  <testcase name="GetAllStudents" time="1.588" classname="Basics.GetAllStudentsTestBetter"/>
</testsuite> <!-- Basics.GetAllStudentsTestBetter -->
