<?xml version="1.0" encoding="UTF-8"?>
<!-- Generated by org.testng.reporters.JUnitReportReporter -->
<testsuite name="CrudOperation.ExtractionExample" tests="1" time="3.410" ignored="0" failures="0" timestamp="29 Jun 2023 16:34:46 GMT" skipped="0" hostname="SYPULCP7CWG3" errors="0">
  <testcase name="testExtractionExample" time="3.410" classname="CrudOperation.ExtractionExample"/>
</testsuite> <!-- CrudOperation.ExtractionExample -->
