<?xml version="1.0" encoding="UTF-8"?>
<!-- Generated by org.testng.reporters.JUnitReportReporter -->
<testsuite name="UsingCollection.JsonUsingCollections" tests="1" time="2.839" ignored="0" failures="0" timestamp="03 Jul 2023 10:28:16 GMT" skipped="0" hostname="SYPULCP7CWG3" errors="0">
  <testcase name="test001" time="2.839" classname="UsingCollection.JsonUsingCollections"/>
</testsuite> <!-- UsingCollection.JsonUsingCollections -->
