<?xml version="1.0" encoding="UTF-8"?>
<!-- Generated by org.testng.reporters.JUnitReportReporter -->
<testsuite name="Basics.GetAllStudentsTest" tests="1" time="2.035" ignored="0" failures="0" timestamp="30 Jun 2023 06:32:24 GMT" skipped="0" hostname="SYPULCP7CWG3" errors="0">
  <testcase name="getAllStudents" time="2.035" classname="Basics.GetAllStudentsTest"/>
</testsuite> <!-- Basics.GetAllStudentsTest -->
