<?xml version="1.0" encoding="UTF-8"?>
<!-- Generated by org.testng.reporters.JUnitReportReporter -->
<testsuite name="CrudOperation.GetReqTest" tests="1" time="1.236" ignored="0" failures="0" timestamp="01 Jul 2023 04:20:00 GMT" skipped="0" hostname="SYPULCP7CWG3" errors="0">
  <testcase name="getStudent" time="1.236" classname="CrudOperation.GetReqTest"/>
</testsuite> <!-- CrudOperation.GetReqTest -->
