<?xml version="1.0" encoding="UTF-8"?>
<!-- Generated by org.testng.reporters.JUnitReportReporter -->
<testsuite name="PostReqSimple.PostReqEx" tests="1" time="1.727" ignored="0" failures="0" timestamp="30 Jun 2023 10:22:48 GMT" skipped="0" hostname="SYPULCP7CWG3" errors="0">
  <testcase name="testPostreq" time="1.727" classname="PostReqSimple.PostReqEx"/>
</testsuite> <!-- PostReqSimple.PostReqEx -->
