<?xml version="1.0" encoding="UTF-8"?>
<!-- Generated by org.testng.reporters.JUnitReportReporter -->
<testsuite name="Extraction.ExtractionExample1" tests="1" time="2.282" ignored="0" failures="0" timestamp="01 Jul 2023 05:28:25 GMT" skipped="0" hostname="SYPULCP7CWG3" errors="0">
  <testcase name="testExtraction_SpecificId" time="2.282" classname="Extraction.ExtractionExample1"/>
</testsuite> <!-- Extraction.ExtractionExample1 -->
