<?xml version="1.0" encoding="UTF-8"?>
<!-- Generated by org.testng.reporters.JUnitReportReporter -->
<testsuite name="CrudOperation.CrudGetReq" tests="1" time="1.845" ignored="0" failures="0" timestamp="30 Jun 2023 09:36:00 GMT" skipped="0" hostname="SYPULCP7CWG3" errors="0">
  <testcase name="TestGetReq2" time="1.845" classname="CrudOperation.CrudGetReq"/>
</testsuite> <!-- CrudOperation.CrudGetReq -->
