<?xml version="1.0" encoding="UTF-8"?>
<!-- Generated by org.testng.reporters.JUnitReportReporter -->
<testsuite name="CrudOperation.PostReqTest" tests="1" time="1.509" ignored="0" failures="0" timestamp="30 Jun 2023 10:45:12 GMT" skipped="0" hostname="SYPULCP7CWG3" errors="0">
  <testcase name="postReq" time="1.509" classname="CrudOperation.PostReqTest"/>
</testsuite> <!-- CrudOperation.PostReqTest -->
