<?xml version="1.0" encoding="UTF-8"?>
<!-- Generated by org.testng.reporters.JUnitReportReporter -->
<testsuite name="PostReqSimple.StudentPostreq" tests="1" time="1.919" ignored="0" failures="0" timestamp="21 Jun 2023 08:09:45 GMT" skipped="0" hostname="SYPULCP7CWG3" errors="0">
  <testcase name="Postreq" time="1.919" classname="PostReqSimple.StudentPostreq"/>
</testsuite> <!-- PostReqSimple.StudentPostreq -->
