<?xml version="1.0" encoding="UTF-8"?>
<!-- Generated by org.testng.reporters.JUnitReportReporter -->
<testsuite name="CrudOperation.OneReqToAnother" tests="2" time="2.163" ignored="0" failures="0" timestamp="01 Jul 2023 04:54:04 GMT" skipped="0" hostname="SYPULCP7CWG3" errors="0">
  <testcase name="testReq" time="2.109" classname="CrudOperation.OneReqToAnother"/>
  <testcase name="testReq1" time="0.054" classname="CrudOperation.OneReqToAnother"/>
</testsuite> <!-- CrudOperation.OneReqToAnother -->
