<?xml version="1.0" encoding="UTF-8"?>
<!-- Generated by org.testng.reporters.JUnitReportReporter -->
<testsuite name="PostReq2.StudentPostreq" tests="1" time="2.817" ignored="0" failures="0" timestamp="03 Jul 2023 11:54:18 GMT" skipped="0" hostname="SYPULCP7CWG3" errors="0">
  <testcase name="postreq" time="2.817" classname="PostReq2.StudentPostreq"/>
</testsuite> <!-- PostReq2.StudentPostreq -->
