<?xml version="1.0" encoding="UTF-8"?>
<!-- Generated by org.testng.reporters.JUnitReportReporter -->
<testsuite name="Pojo.ProductTest" tests="1" time="0.277" ignored="0" failures="0" timestamp="01 Jul 2023 10:11:48 GMT" skipped="0" hostname="SYPULCP7CWG3" errors="0">
  <testcase name="prodctTest" time="0.277" classname="Pojo.ProductTest"/>
</testsuite> <!-- Pojo.ProductTest -->
