<?xml version="1.0" encoding="UTF-8"?>
<!-- Generated by org.testng.reporters.JUnitReportReporter -->
<testsuite name="CrudOperation.DeleteRequetTest" tests="1" time="0.041" ignored="0" failures="0" timestamp="13 Sep 2023 11:20:34 GMT" skipped="0" hostname="SYPULCP7CWG3" errors="0">
  <testcase name="deleteRequest" time="0.041" classname="CrudOperation.DeleteRequetTest"/>
</testsuite> <!-- CrudOperation.DeleteRequetTest -->
