<?xml version="1.0" encoding="UTF-8"?>
<!-- Generated by org.testng.reporters.JUnitReportReporter -->
<testsuite name="Pojo.ProductTest" tests="1" time="0.707" ignored="0" failures="0" timestamp="13 Sep 2023 11:20:34 GMT" skipped="0" hostname="SYPULCP7CWG3" errors="0">
  <testcase name="prodctTest" time="0.707" classname="Pojo.ProductTest"/>
</testsuite> <!-- Pojo.ProductTest -->
